0 info it worked if it ends with ok
1 verbose cli [ 'node', '/usr/local/bin/npm', 'install' ]
2 info using npm@1.4.28
3 info using node@v0.10.33
4 warn package.json midterm@1.0.0 No repository field.
5 verbose readDependencies using package.json deps
6 verbose install where, deps [ '/Users/YOJIRO/GitHub/midterm',
6 verbose install   [ 'express', 'gulp', 'gulp-util' ] ]
7 info preinstall midterm@1.0.0
8 verbose readDependencies using package.json deps
9 verbose cache add [ 'express@^4.10.1', null ]
10 verbose cache add name=undefined spec="express@^4.10.1" args=["express@^4.10.1",null]
11 verbose parsed url { protocol: null,
11 verbose parsed url   slashes: null,
11 verbose parsed url   auth: null,
11 verbose parsed url   host: null,
11 verbose parsed url   port: null,
11 verbose parsed url   hostname: null,
11 verbose parsed url   hash: null,
11 verbose parsed url   search: null,
11 verbose parsed url   query: null,
11 verbose parsed url   pathname: 'express@^4.10.1',
11 verbose parsed url   path: 'express@^4.10.1',
11 verbose parsed url   href: 'express@^4.10.1' }
12 verbose cache add [ 'gulp@^3.8.9', null ]
13 verbose cache add name=undefined spec="gulp@^3.8.9" args=["gulp@^3.8.9",null]
14 verbose parsed url { protocol: null,
14 verbose parsed url   slashes: null,
14 verbose parsed url   auth: null,
14 verbose parsed url   host: null,
14 verbose parsed url   port: null,
14 verbose parsed url   hostname: null,
14 verbose parsed url   hash: null,
14 verbose parsed url   search: null,
14 verbose parsed url   query: null,
14 verbose parsed url   pathname: 'gulp@^3.8.9',
14 verbose parsed url   path: 'gulp@^3.8.9',
14 verbose parsed url   href: 'gulp@^3.8.9' }
15 verbose cache add [ 'gulp-util@^3.0.1', null ]
16 verbose cache add name=undefined spec="gulp-util@^3.0.1" args=["gulp-util@^3.0.1",null]
17 verbose parsed url { protocol: null,
17 verbose parsed url   slashes: null,
17 verbose parsed url   auth: null,
17 verbose parsed url   host: null,
17 verbose parsed url   port: null,
17 verbose parsed url   hostname: null,
17 verbose parsed url   hash: null,
17 verbose parsed url   search: null,
17 verbose parsed url   query: null,
17 verbose parsed url   pathname: 'gulp-util@^3.0.1',
17 verbose parsed url   path: 'gulp-util@^3.0.1',
17 verbose parsed url   href: 'gulp-util@^3.0.1' }
18 verbose cache add name="express" spec="^4.10.1" args=["express","^4.10.1"]
19 verbose parsed url { protocol: null,
19 verbose parsed url   slashes: null,
19 verbose parsed url   auth: null,
19 verbose parsed url   host: null,
19 verbose parsed url   port: null,
19 verbose parsed url   hostname: null,
19 verbose parsed url   hash: null,
19 verbose parsed url   search: null,
19 verbose parsed url   query: null,
19 verbose parsed url   pathname: '^4.10.1',
19 verbose parsed url   path: '^4.10.1',
19 verbose parsed url   href: '^4.10.1' }
20 verbose addNamed [ 'express', '^4.10.1' ]
21 verbose addNamed [ null, '>=4.10.1-0 <5.0.0-0' ]
22 verbose cache add name="gulp" spec="^3.8.9" args=["gulp","^3.8.9"]
23 verbose parsed url { protocol: null,
23 verbose parsed url   slashes: null,
23 verbose parsed url   auth: null,
23 verbose parsed url   host: null,
23 verbose parsed url   port: null,
23 verbose parsed url   hostname: null,
23 verbose parsed url   hash: null,
23 verbose parsed url   search: null,
23 verbose parsed url   query: null,
23 verbose parsed url   pathname: '^3.8.9',
23 verbose parsed url   path: '^3.8.9',
23 verbose parsed url   href: '^3.8.9' }
24 verbose addNamed [ 'gulp', '^3.8.9' ]
25 verbose addNamed [ null, '>=3.8.9-0 <4.0.0-0' ]
26 verbose cache add name="gulp-util" spec="^3.0.1" args=["gulp-util","^3.0.1"]
27 verbose parsed url { protocol: null,
27 verbose parsed url   slashes: null,
27 verbose parsed url   auth: null,
27 verbose parsed url   host: null,
27 verbose parsed url   port: null,
27 verbose parsed url   hostname: null,
27 verbose parsed url   hash: null,
27 verbose parsed url   search: null,
27 verbose parsed url   query: null,
27 verbose parsed url   pathname: '^3.0.1',
27 verbose parsed url   path: '^3.0.1',
27 verbose parsed url   href: '^3.0.1' }
28 verbose addNamed [ 'gulp-util', '^3.0.1' ]
29 verbose addNamed [ null, '>=3.0.1-0 <4.0.0-0' ]
30 silly lockFile aba69ddd-express-4-10-1 express@^4.10.1
31 verbose lock express@^4.10.1 /Users/YOJIRO/.npm/aba69ddd-express-4-10-1.lock
32 silly lockFile 2a6cb516-gulp-3-8-9 gulp@^3.8.9
33 verbose lock gulp@^3.8.9 /Users/YOJIRO/.npm/2a6cb516-gulp-3-8-9.lock
34 silly lockFile f979aec2-gulp-util-3-0-1 gulp-util@^3.0.1
35 verbose lock gulp-util@^3.0.1 /Users/YOJIRO/.npm/f979aec2-gulp-util-3-0-1.lock
36 silly addNameRange { name: 'gulp', range: '>=3.8.9-0 <4.0.0-0', hasData: false }
37 silly addNameRange { name: 'express', range: '>=4.10.1-0 <5.0.0-0', hasData: false }
38 silly addNameRange { name: 'gulp-util',
38 silly addNameRange   range: '>=3.0.1-0 <4.0.0-0',
38 silly addNameRange   hasData: false }
39 verbose request where is /gulp-util
40 verbose request registry https://registry.npmjs.org/
41 verbose request id 5d33cd3b150c9fca
42 verbose url raw /gulp-util
43 verbose url resolving [ 'https://registry.npmjs.org/', './gulp-util' ]
44 verbose url resolved https://registry.npmjs.org/gulp-util
45 verbose request where is https://registry.npmjs.org/gulp-util
46 info trying registry request attempt 1 at 09:41:11
47 verbose etag "A72WMRN78BOGBZDM3EZXA0X5F"
48 http GET https://registry.npmjs.org/gulp-util
49 verbose request where is /gulp
50 verbose request registry https://registry.npmjs.org/
51 verbose url raw /gulp
52 verbose url resolving [ 'https://registry.npmjs.org/', './gulp' ]
53 verbose url resolved https://registry.npmjs.org/gulp
54 verbose request where is https://registry.npmjs.org/gulp
55 info trying registry request attempt 1 at 09:41:11
56 verbose etag "2589FWDBOKQ5NS0TEFOCZ9ZG2"
57 http GET https://registry.npmjs.org/gulp
58 verbose request where is /express
59 verbose request registry https://registry.npmjs.org/
60 verbose url raw /express
61 verbose url resolving [ 'https://registry.npmjs.org/', './express' ]
62 verbose url resolved https://registry.npmjs.org/express
63 verbose request where is https://registry.npmjs.org/express
64 info trying registry request attempt 1 at 09:41:11
65 verbose etag "CEK5SQHPFYH9499SPZF2QKCA2"
66 http GET https://registry.npmjs.org/express
67 http 304 https://registry.npmjs.org/gulp
68 silly registry.get cb [ 304,
68 silly registry.get   { date: 'Thu, 13 Nov 2014 00:41:11 GMT',
68 silly registry.get     server: 'Apache',
68 silly registry.get     via: '1.1 varnish',
68 silly registry.get     'last-modified': 'Thu, 13 Nov 2014 00:40:54 GMT',
68 silly registry.get     'cache-control': 'max-age=60',
68 silly registry.get     etag: '"2589FWDBOKQ5NS0TEFOCZ9ZG2"',
68 silly registry.get     age: '46',
68 silly registry.get     'x-served-by': 'cache-ty66-TYO',
68 silly registry.get     'x-cache': 'HIT',
68 silly registry.get     'x-cache-hits': '2',
68 silly registry.get     'x-timer': 'S1415839271.982700,VS0,VE0',
68 silly registry.get     vary: 'Accept',
68 silly registry.get     'content-length': '0',
68 silly registry.get     'keep-alive': 'timeout=10, max=50',
68 silly registry.get     connection: 'Keep-Alive' } ]
69 verbose etag https://registry.npmjs.org/gulp from cache
70 http 304 https://registry.npmjs.org/gulp-util
71 silly registry.get cb [ 304,
71 silly registry.get   { date: 'Thu, 13 Nov 2014 00:41:11 GMT',
71 silly registry.get     server: 'Apache',
71 silly registry.get     via: '1.1 varnish',
71 silly registry.get     'last-modified': 'Thu, 13 Nov 2014 00:40:26 GMT',
71 silly registry.get     'cache-control': 'max-age=60',
71 silly registry.get     etag: '"A72WMRN78BOGBZDM3EZXA0X5F"',
71 silly registry.get     age: '46',
71 silly registry.get     'x-served-by': 'cache-ty66-TYO',
71 silly registry.get     'x-cache': 'HIT',
71 silly registry.get     'x-cache-hits': '3',
71 silly registry.get     'x-timer': 'S1415839271.983347,VS0,VE0',
71 silly registry.get     vary: 'Accept',
71 silly registry.get     'content-length': '0',
71 silly registry.get     'keep-alive': 'timeout=10, max=50',
71 silly registry.get     connection: 'Keep-Alive' } ]
72 verbose etag https://registry.npmjs.org/gulp-util from cache
73 http 304 https://registry.npmjs.org/express
74 silly registry.get cb [ 304,
74 silly registry.get   { date: 'Thu, 13 Nov 2014 00:41:11 GMT',
74 silly registry.get     server: 'Apache',
74 silly registry.get     via: '1.1 varnish',
74 silly registry.get     'last-modified': 'Thu, 13 Nov 2014 00:38:12 GMT',
74 silly registry.get     'cache-control': 'max-age=60',
74 silly registry.get     etag: '"CEK5SQHPFYH9499SPZF2QKCA2"',
74 silly registry.get     age: '45',
74 silly registry.get     'x-served-by': 'cache-ty66-TYO',
74 silly registry.get     'x-cache': 'HIT',
74 silly registry.get     'x-cache-hits': '8',
74 silly registry.get     'x-timer': 'S1415839271.984999,VS0,VE0',
74 silly registry.get     vary: 'Accept',
74 silly registry.get     'content-length': '0',
74 silly registry.get     'keep-alive': 'timeout=10, max=50',
74 silly registry.get     connection: 'Keep-Alive' } ]
75 verbose etag https://registry.npmjs.org/express from cache
76 silly addNameRange number 2 { name: 'gulp', range: '>=3.8.9-0 <4.0.0-0', hasData: true }
77 silly addNameRange versions [ 'gulp',
77 silly addNameRange   [ '0.0.1',
77 silly addNameRange     '0.0.2',
77 silly addNameRange     '0.0.3',
77 silly addNameRange     '0.0.4',
77 silly addNameRange     '0.0.5',
77 silly addNameRange     '0.0.7',
77 silly addNameRange     '0.0.8',
77 silly addNameRange     '0.0.9',
77 silly addNameRange     '0.1.0',
77 silly addNameRange     '0.2.0',
77 silly addNameRange     '1.0.0',
77 silly addNameRange     '1.1.0',
77 silly addNameRange     '1.2.0',
77 silly addNameRange     '1.2.1',
77 silly addNameRange     '2.0.0',
77 silly addNameRange     '2.0.1',
77 silly addNameRange     '2.1.0',
77 silly addNameRange     '2.2.0',
77 silly addNameRange     '2.3.0',
77 silly addNameRange     '2.4.0',
77 silly addNameRange     '2.4.1',
77 silly addNameRange     '2.6.0',
77 silly addNameRange     '2.6.1',
77 silly addNameRange     '2.7.0',
77 silly addNameRange     '3.0.0',
77 silly addNameRange     '3.1.1',
77 silly addNameRange     '3.1.2',
77 silly addNameRange     '3.1.3',
77 silly addNameRange     '3.1.4',
77 silly addNameRange     '3.2.0',
77 silly addNameRange     '3.2.1',
77 silly addNameRange     '3.2.2',
77 silly addNameRange     '3.2.3',
77 silly addNameRange     '3.2.4',
77 silly addNameRange     '3.2.5',
77 silly addNameRange     '3.3.0',
77 silly addNameRange     '3.3.1',
77 silly addNameRange     '3.3.2',
77 silly addNameRange     '3.3.4',
77 silly addNameRange     '3.4.0',
77 silly addNameRange     '3.5.0',
77 silly addNameRange     '3.5.1',
77 silly addNameRange     '3.5.2',
77 silly addNameRange     '3.5.5',
77 silly addNameRange     '3.5.6',
77 silly addNameRange     '3.6.0',
77 silly addNameRange     '3.6.1',
77 silly addNameRange     '3.6.2',
77 silly addNameRange     '3.7.0',
77 silly addNameRange     '3.8.0',
77 silly addNameRange     '3.8.1',
77 silly addNameRange     '3.8.2',
77 silly addNameRange     '3.8.3',
77 silly addNameRange     '3.8.4',
77 silly addNameRange     '3.8.5',
77 silly addNameRange     '3.8.6',
77 silly addNameRange     '3.8.7',
77 silly addNameRange     '3.8.8',
77 silly addNameRange     '3.8.9',
77 silly addNameRange     '3.8.10' ] ]
78 verbose addNamed [ 'gulp', '3.8.10' ]
79 verbose addNamed [ '3.8.10', '3.8.10' ]
80 silly lockFile f843d0d7-gulp-3-8-10 gulp@3.8.10
81 verbose lock gulp@3.8.10 /Users/YOJIRO/.npm/f843d0d7-gulp-3-8-10.lock
82 silly addNameRange number 2 { name: 'express', range: '>=4.10.1-0 <5.0.0-0', hasData: true }
83 silly addNameRange versions [ 'express',
83 silly addNameRange   [ '0.14.0',
83 silly addNameRange     '0.14.1',
83 silly addNameRange     '1.0.0',
83 silly addNameRange     '1.0.1',
83 silly addNameRange     '1.0.2',
83 silly addNameRange     '1.0.3',
83 silly addNameRange     '1.0.4',
83 silly addNameRange     '1.0.5',
83 silly addNameRange     '1.0.6',
83 silly addNameRange     '1.0.7',
83 silly addNameRange     '1.0.8',
83 silly addNameRange     '2.0.0',
83 silly addNameRange     '2.1.0',
83 silly addNameRange     '2.1.1',
83 silly addNameRange     '2.2.0',
83 silly addNameRange     '2.2.1',
83 silly addNameRange     '2.2.2',
83 silly addNameRange     '2.3.0',
83 silly addNameRange     '2.3.1',
83 silly addNameRange     '2.3.2',
83 silly addNameRange     '2.3.3',
83 silly addNameRange     '2.3.4',
83 silly addNameRange     '2.3.5',
83 silly addNameRange     '2.3.6',
83 silly addNameRange     '2.3.7',
83 silly addNameRange     '2.3.8',
83 silly addNameRange     '2.3.9',
83 silly addNameRange     '2.3.10',
83 silly addNameRange     '2.3.11',
83 silly addNameRange     '2.3.12',
83 silly addNameRange     '2.4.0',
83 silly addNameRange     '2.4.1',
83 silly addNameRange     '2.4.2',
83 silly addNameRange     '2.4.3',
83 silly addNameRange     '2.4.4',
83 silly addNameRange     '2.4.5',
83 silly addNameRange     '2.4.6',
83 silly addNameRange     '2.4.7',
83 silly addNameRange     '2.5.0',
83 silly addNameRange     '2.5.1',
83 silly addNameRange     '2.5.2',
83 silly addNameRange     '2.5.3',
83 silly addNameRange     '2.5.4',
83 silly addNameRange     '2.5.5',
83 silly addNameRange     '2.5.6',
83 silly addNameRange     '2.5.7',
83 silly addNameRange     '2.5.8',
83 silly addNameRange     '2.5.9',
83 silly addNameRange     '2.5.10',
83 silly addNameRange     '2.5.11',
83 silly addNameRange     '3.0.0',
83 silly addNameRange     '3.0.1',
83 silly addNameRange     '3.0.2',
83 silly addNameRange     '3.0.3',
83 silly addNameRange     '3.0.4',
83 silly addNameRange     '3.0.5',
83 silly addNameRange     '3.0.6',
83 silly addNameRange     '3.1.0',
83 silly addNameRange     '3.1.1',
83 silly addNameRange     '3.1.2',
83 silly addNameRange     '3.2.0',
83 silly addNameRange     '3.2.1',
83 silly addNameRange     '3.2.2',
83 silly addNameRange     '3.2.3',
83 silly addNameRange     '3.2.4',
83 silly addNameRange     '3.2.5',
83 silly addNameRange     '3.2.6',
83 silly addNameRange     '3.3.0',
83 silly addNameRange     '3.3.1',
83 silly addNameRange     '3.3.2',
83 silly addNameRange     '3.3.3',
83 silly addNameRange     '3.3.4',
83 silly addNameRange     '3.3.5',
83 silly addNameRange     '3.3.6',
83 silly addNameRange     '1.0.0-beta',
83 silly addNameRange     '1.0.0-beta2',
83 silly addNameRange     '1.0.0-rc',
83 silly addNameRange     '1.0.0-rc2',
83 silly addNameRange     '1.0.0-rc3',
83 silly addNameRange     '1.0.0-rc4',
83 silly addNameRange     '2.0.0-beta',
83 silly addNameRange     '2.0.0-beta2',
83 silly addNameRange     '2.0.0-beta3',
83 silly addNameRange     '2.0.0-rc',
83 silly addNameRange     '2.0.0-rc2',
83 silly addNameRange     '2.0.0-rc3',
83 silly addNameRange     '3.0.0-alpha1',
83 silly addNameRange     '3.0.0-alpha2',
83 silly addNameRange     '3.0.0-alpha3',
83 silly addNameRange     '3.0.0-alpha4',
83 silly addNameRange     '3.0.0-alpha5',
83 silly addNameRange     '3.0.0-beta1',
83 silly addNameRange     '3.0.0-beta2',
83 silly addNameRange     '3.0.0-beta3',
83 silly addNameRange     '3.0.0-beta4',
83 silly addNameRange     '3.0.0-beta6',
83 silly addNameRange     '3.0.0-beta7',
83 silly addNameRange     '3.0.0-rc1',
83 silly addNameRange     '3.0.0-rc2',
83 silly addNameRange     '3.0.0-rc3',
83 silly addNameRange     '3.0.0-rc4',
83 silly addNameRange     '3.0.0-rc5',
83 silly addNameRange     '3.3.7',
83 silly addNameRange     '3.3.8',
83 silly addNameRange     '3.4.0',
83 silly addNameRange     '3.4.1',
83 silly addNameRange     '3.4.2',
83 silly addNameRange     '3.4.3',
83 silly addNameRange     '3.4.4',
83 silly addNameRange     '3.4.5',
83 silly addNameRange     '3.4.6',
83 silly addNameRange     '3.4.7',
83 silly addNameRange     '3.4.8',
83 silly addNameRange     '4.0.0-rc1',
83 silly addNameRange     '4.0.0-rc2',
83 silly addNameRange     '3.5.0',
83 silly addNameRange     '4.0.0-rc3',
83 silly addNameRange     '4.0.0-rc4',
83 silly addNameRange     '3.5.1',
83 silly addNameRange     '4.0.0',
83 silly addNameRange     '3.5.2',
83 silly addNameRange     '4.1.0',
83 silly addNameRange     '4.1.1',
83 silly addNameRange     '3.5.3',
83 silly addNameRange     '4.1.2',
83 silly addNameRange     '3.6.0',
83 silly addNameRange     '4.2.0',
83 silly addNameRange     '3.7.0',
83 silly addNameRange     '3.8.0',
83 silly addNameRange     '4.3.0',
83 silly addNameRange     '4.3.1',
83 silly addNameRange     '3.8.1',
83 silly addNameRange     '4.3.2',
83 silly addNameRange     '3.9.0',
83 silly addNameRange     '4.4.0',
83 silly addNameRange     '4.4.1',
83 silly addNameRange     '3.10.0',
83 silly addNameRange     '3.10.1',
83 silly addNameRange     '3.10.2',
83 silly addNameRange     '3.10.3',
83 silly addNameRange     '3.10.4',
83 silly addNameRange     '4.4.2',
83 silly addNameRange     '3.10.5',
83 silly addNameRange     '4.4.3',
83 silly addNameRange     '3.11.0',
83 silly addNameRange     '4.4.4',
83 silly addNameRange     '3.12.0',
83 silly addNameRange     '3.12.1',
83 silly addNameRange     '4.4.5',
83 silly addNameRange     '3.13.0',
83 silly addNameRange     '4.5.0',
83 silly addNameRange     '4.5.1',
83 silly addNameRange     '3.14.0',
83 silly addNameRange     '4.6.0',
83 silly addNameRange     '4.6.1',
83 silly addNameRange     '3.15.0',
83 silly addNameRange     '4.7.0',
83 silly addNameRange     '3.15.1',
83 silly addNameRange     '4.7.1',
83 silly addNameRange     '3.15.2',
83 silly addNameRange     '4.7.2',
83 silly addNameRange     '4.7.3',
83 silly addNameRange     '3.15.3',
83 silly addNameRange     '4.7.4',
83 silly addNameRange     '3.16.0',
83 silly addNameRange     '4.8.0',
83 silly addNameRange     '3.16.1',
83 silly addNameRange     '4.8.1',
83 silly addNameRange     '3.16.2',
83 silly addNameRange     '4.8.2',
83 silly addNameRange     '3.16.3',
83 silly addNameRange     '3.16.4',
83 silly addNameRange     '4.8.3',
83 silly addNameRange     '3.16.5',
83 silly addNameRange     '3.16.6',
83 silly addNameRange     '4.8.4',
83 silly addNameRange     '3.16.7',
83 silly addNameRange     '4.8.5',
83 silly addNameRange     '3.16.8',
83 silly addNameRange     '4.8.6',
83 silly addNameRange     '3.16.9',
83 silly addNameRange     '4.8.7',
83 silly addNameRange     '3.16.10',
83 silly addNameRange     '4.8.8',
83 silly addNameRange     '3.17.0',
83 silly addNameRange     '3.17.1',
83 silly addNameRange     '4.9.0',
83 silly addNameRange     '3.17.2',
83 silly addNameRange     '4.9.1',
83 silly addNameRange     '4.9.2',
83 silly addNameRange     '3.17.3',
83 silly addNameRange     '4.9.3',
83 silly addNameRange     '3.17.4',
83 silly addNameRange     '4.9.4',
83 silly addNameRange     '3.17.5',
83 silly addNameRange     '4.9.5',
83 silly addNameRange     '3.17.6',
83 silly addNameRange     '3.17.7',
83 silly addNameRange     '4.9.6',
83 silly addNameRange     '4.9.7',
83 silly addNameRange     '3.17.8',
83 silly addNameRange     '4.9.8',
83 silly addNameRange     '3.18.0',
83 silly addNameRange     '3.18.1',
83 silly addNameRange     '4.10.0',
83 silly addNameRange     '3.18.2',
83 silly addNameRange     '4.10.1',
83 silly addNameRange     '5.0.0-alpha.1',
83 silly addNameRange     '3.18.3',
83 silly addNameRange     '4.10.2' ] ]
84 verbose addNamed [ 'express', '4.10.2' ]
85 verbose addNamed [ '4.10.2', '4.10.2' ]
86 silly lockFile 787e98b4-express-4-10-2 express@4.10.2
87 verbose lock express@4.10.2 /Users/YOJIRO/.npm/787e98b4-express-4-10-2.lock
88 silly lockFile d0bb09e8-s-org-express-express-4-10-2-tgz https://registry.npmjs.org/express/-/express-4.10.2.tgz
89 verbose lock https://registry.npmjs.org/express/-/express-4.10.2.tgz /Users/YOJIRO/.npm/d0bb09e8-s-org-express-express-4-10-2-tgz.lock
90 silly lockFile f843d0d7-gulp-3-8-10 gulp@3.8.10
91 silly lockFile f843d0d7-gulp-3-8-10 gulp@3.8.10
92 verbose addRemoteTarball [ 'https://registry.npmjs.org/express/-/express-4.10.2.tgz',
92 verbose addRemoteTarball   'df06dde94d968932829d440a2004c5efe64495b0' ]
93 silly lockFile 2a6cb516-gulp-3-8-9 gulp@^3.8.9
94 silly lockFile 2a6cb516-gulp-3-8-9 gulp@^3.8.9
95 silly addNameRange number 2 { name: 'gulp-util', range: '>=3.0.1-0 <4.0.0-0', hasData: true }
96 silly addNameRange versions [ 'gulp-util',
96 silly addNameRange   [ '0.0.1',
96 silly addNameRange     '1.0.0',
96 silly addNameRange     '1.1.0',
96 silly addNameRange     '1.1.1',
96 silly addNameRange     '1.2.0',
96 silly addNameRange     '1.3.0',
96 silly addNameRange     '2.0.0',
96 silly addNameRange     '2.1.1',
96 silly addNameRange     '2.1.2',
96 silly addNameRange     '2.1.3',
96 silly addNameRange     '2.1.4',
96 silly addNameRange     '2.2.0',
96 silly addNameRange     '2.2.1',
96 silly addNameRange     '2.2.2',
96 silly addNameRange     '2.2.3',
96 silly addNameRange     '2.2.5',
96 silly addNameRange     '2.2.6',
96 silly addNameRange     '2.2.7',
96 silly addNameRange     '2.2.8',
96 silly addNameRange     '2.2.9',
96 silly addNameRange     '2.2.10',
96 silly addNameRange     '2.2.11',
96 silly addNameRange     '2.2.12',
96 silly addNameRange     '2.2.13',
96 silly addNameRange     '2.2.14',
96 silly addNameRange     '2.2.15',
96 silly addNameRange     '2.2.16',
96 silly addNameRange     '2.2.17',
96 silly addNameRange     '2.2.18',
96 silly addNameRange     '2.2.19',
96 silly addNameRange     '2.2.20',
96 silly addNameRange     '3.0.0',
96 silly addNameRange     '3.0.1' ] ]
97 verbose addNamed [ 'gulp-util', '3.0.1' ]
98 verbose addNamed [ '3.0.1', '3.0.1' ]
99 silly lockFile ea8d3cdd-gulp-util-3-0-1 gulp-util@3.0.1
100 verbose lock gulp-util@3.0.1 /Users/YOJIRO/.npm/ea8d3cdd-gulp-util-3-0-1.lock
101 info retry fetch attempt 1 at 09:41:11
102 verbose fetch to= /var/folders/x0/09r43vrx2bg568k1q_164m3w0000gn/T/npm-833-J1wSUDs2/registry.npmjs.org/express/-/express-4.10.2.tgz
103 silly lockFile ea8d3cdd-gulp-util-3-0-1 gulp-util@3.0.1
104 silly lockFile ea8d3cdd-gulp-util-3-0-1 gulp-util@3.0.1
105 silly lockFile f979aec2-gulp-util-3-0-1 gulp-util@^3.0.1
106 silly lockFile f979aec2-gulp-util-3-0-1 gulp-util@^3.0.1
107 http GET https://registry.npmjs.org/express/-/express-4.10.2.tgz
108 http 200 https://registry.npmjs.org/express/-/express-4.10.2.tgz
109 silly lockFile d0bb09e8-s-org-express-express-4-10-2-tgz https://registry.npmjs.org/express/-/express-4.10.2.tgz
110 silly lockFile d0bb09e8-s-org-express-express-4-10-2-tgz https://registry.npmjs.org/express/-/express-4.10.2.tgz
111 silly lockFile 787e98b4-express-4-10-2 express@4.10.2
112 silly lockFile 787e98b4-express-4-10-2 express@4.10.2
113 silly lockFile aba69ddd-express-4-10-1 express@^4.10.1
114 silly lockFile aba69ddd-express-4-10-1 express@^4.10.1
115 error Error: EACCES, mkdir '/Users/YOJIRO/.npm/express/4.10.2'
115 error  { [Error: EACCES, mkdir '/Users/YOJIRO/.npm/express/4.10.2']
115 error   errno: 3,
115 error   code: 'EACCES',
115 error   path: '/Users/YOJIRO/.npm/express/4.10.2',
115 error   parent: 'midterm' }
116 error Please try running this command again as root/Administrator.
117 error System Darwin 14.0.0
118 error command "node" "/usr/local/bin/npm" "install"
119 error cwd /Users/YOJIRO/GitHub/midterm
120 error node -v v0.10.33
121 error npm -v 1.4.28
122 error path /Users/YOJIRO/.npm/express/4.10.2
123 error code EACCES
124 error errno 3
125 error stack Error: EACCES, mkdir '/Users/YOJIRO/.npm/express/4.10.2'
126 verbose exit [ 3, true ]
